<?xml version="1.0" encoding="UTF-8"?>
<TestRun id="8895fcfa-58c0-4148-be30-eb8d93a0b4f6" name="xunter@PAVELNAZAROV-PC 2012-11-06 17:12:04" runUser="PAVELNAZAROV-PC\xunter" xmlns="http://microsoft.com/schemas/VisualStudio/TeamTest/2010">
  <TestSettings name="Local" id="3cdf4930-95c0-4096-9941-1fc28edd4ddb">
    <Description>These are default test settings for a local test run.</Description>
    <Deployment enabled="false" runDeploymentRoot="xunter_PAVELNAZAROV-PC 2012-11-06 17_12_04">
      <DeploymentItem filename="C:\work\Dev\DotNET\PavelNazarov.Common\PavelNazarov.Common\bin\Release\PavelNazarov.Common.dll" />
    </Deployment>
    <Execution>
      <TestTypeSpecific />
      <AgentRule name="Execution Agents">
      </AgentRule>
    </Execution>
  </TestSettings>
  <Times creation="2012-11-06T17:12:04.4214600+04:00" queuing="2012-11-06T17:12:04.8539666+04:00" start="2012-11-06T17:12:04.9014674+04:00" finish="2012-11-06T17:12:05.2214723+04:00" />
  <ResultSummary outcome="Completed">
    <Counters total="1" executed="1" passed="1" error="0" failed="0" timeout="0" aborted="0" inconclusive="0" passedButRunAborted="0" notRunnable="0" notExecuted="0" disconnected="0" warning="0" completed="0" inProgress="0" pending="0" />
  </ResultSummary>
  <TestDefinitions>
    <UnitTest name="TestGeneral" storage="c:\work\dev\dotnet\pavelnazarov.common\pavelnazarov.common.tests\bin\release\pavelnazarov.common.tests.dll" id="95e542ac-e7f0-b089-9e3a-23eb13b1bb84">
      <Execution id="0bd716a1-a4a3-4772-abdb-f69c0cfb9070" />
      <TestMethod codeBase="C:/Work/Dev/DotNET/PavelNazarov.Common/PavelNazarov.Common.Tests/bin/Release/PavelNazarov.Common.Tests.DLL" adapterTypeName="Microsoft.VisualStudio.TestTools.TestTypes.Unit.UnitTestAdapter, Microsoft.VisualStudio.QualityTools.Tips.UnitTest.Adapter, Version=10.0.0.0, Culture=neutral, PublicKeyToken=b03f5f7f11d50a3a" className="PavelNazarov.Common.Tests.IO.PersistentStorage.PersistentStorageTest, PavelNazarov.Common.Tests, Version=1.0.0.0, Culture=neutral, PublicKeyToken=null" name="TestGeneral" />
    </UnitTest>
  </TestDefinitions>
  <TestLists>
    <TestList name="Results Not in a List" id="8c84fa94-04c1-424b-9868-57a2d4851a1d" />
    <TestList name="All Loaded Results" id="19431567-8539-422a-85d7-44ee4e166bda" />
  </TestLists>
  <TestEntries>
    <TestEntry testId="95e542ac-e7f0-b089-9e3a-23eb13b1bb84" executionId="0bd716a1-a4a3-4772-abdb-f69c0cfb9070" testListId="8c84fa94-04c1-424b-9868-57a2d4851a1d" />
  </TestEntries>
  <Results>
    <UnitTestResult executionId="0bd716a1-a4a3-4772-abdb-f69c0cfb9070" testId="95e542ac-e7f0-b089-9e3a-23eb13b1bb84" testName="TestGeneral" computerName="PAVELNAZAROV-PC" duration="00:00:00.0914734" startTime="2012-11-06T17:12:04.9214677+04:00" endTime="2012-11-06T17:12:05.2014720+04:00" testType="13cdc9d9-ddb5-4fa4-a97d-d965ccfc6d4b" outcome="Passed" testListId="8c84fa94-04c1-424b-9868-57a2d4851a1d" relativeResultsDirectory="0bd716a1-a4a3-4772-abdb-f69c0cfb9070">
    </UnitTestResult>
  </Results>
</TestRun>